SF:lib\tmdb\tmdb_image_configuration.dart
DA:19,0
DA:20,0
LF:2
LH:0
end_of_record
SF:lib\tmdb\tmdb_image_configuration.g.dart
DA:9,0
DA:10,0
DA:11,0
DA:12,0
DA:13,0
DA:14,0
DA:15,0
DA:16,0
DA:17,0
DA:18,0
DA:19,0
DA:20,0
DA:21,0
DA:22,0
DA:23,0
DA:24,0
DA:25,0
DA:26,0
DA:27,0
DA:30,0
DA:32,0
DA:33,0
DA:34,0
DA:35,0
DA:36,0
DA:37,0
DA:38,0
DA:39,0
LF:28
LH:0
end_of_record
SF:lib\tmdb\tmdb_popular_person.dart
DA:19,0
DA:20,0
DA:48,0
DA:49,0
LF:4
LH:0
end_of_record
SF:lib\tmdb\tmdb_popular_person.g.dart
DA:9,0
DA:10,0
DA:11,0
DA:12,0
DA:13,0
DA:14,0
DA:15,0
DA:16,0
DA:17,0
DA:18,0
DA:19,0
DA:22,0
DA:24,0
DA:25,0
DA:26,0
DA:27,0
DA:28,0
DA:29,0
DA:30,0
DA:31,0
DA:34,0
DA:35,0
DA:36,0
DA:38,0
DA:39,0
DA:40,0
DA:41,0
DA:42,0
DA:43,0
DA:44,0
DA:45,0
DA:46,0
DA:47,0
DA:48,0
DA:49,0
DA:50,0
DA:51,0
DA:52,0
DA:53,0
DA:54,0
DA:55,0
DA:56,0
DA:59,0
DA:60,0
DA:61,0
DA:62,0
DA:63,0
DA:64,0
DA:65,0
DA:66,0
DA:67,0
DA:68,0
DA:69,0
DA:70,0
DA:71,0
DA:72,0
DA:73,0
DA:74,0
DA:75,0
DA:76,0
DA:77,0
DA:78,0
DA:79,0
LF:63
LH:0
end_of_record
SF:lib\models\transformers.dart
DA:5,0
DA:10,1
DA:11,1
DA:14,1
DA:16,1
DA:17,1
DA:18,3
DA:20,1
DA:21,1
DA:22,1
DA:29,1
DA:30,2
DA:31,1
DA:32,2
DA:33,3
DA:34,1
DA:35,1
DA:36,1
DA:37,1
DA:38,1
DA:39,2
DA:40,1
DA:41,1
DA:42,1
DA:43,0
DA:46,1
DA:49,2
DA:50,5
DA:51,3
DA:52,1
DA:53,1
DA:54,1
DA:55,3
DA:56,1
DA:57,2
DA:58,1
DA:59,1
LF:37
LH:35
end_of_record
SF:lib\tmdb\tmdb_person_service.dart
DA:10,0
DA:12,0
DA:13,0
DA:14,0
DA:16,0
DA:17,0
DA:18,0
DA:19,0
DA:22,0
LF:9
LH:0
end_of_record
SF:lib\models\popular_actor.dart
DA:9,1
DA:27,1
LF:2
LH:2
end_of_record
